c:\users\mario\documents\visual studio 2010\projects\cg09\cg09\debug\camera.obj
c:\users\mario\documents\visual studio 2010\projects\cg09\cg09\debug\figuras.obj
c:\users\mario\documents\visual studio 2010\projects\cg09\cg09\debug\main_prac10new2.obj
c:\users\mario\documents\visual studio 2010\projects\cg09\cg09\debug\texture.obj
c:\users\mario\documents\visual studio 2010\projects\cg09\cg09\debug\vc100.pdb
c:\users\mario\documents\visual studio 2010\projects\cg09\cg09\debug\main_prac8_texto_cubo.obj
c:\users\mario\documents\visual studio 2010\projects\cg09\debug\cg09.exe
c:\users\mario\documents\visual studio 2010\projects\cg09\cg09\debug\cg09.exe.intermediate.manifest
c:\users\mario\documents\visual studio 2010\projects\cg09\debug\cg09.pdb
c:\users\enigm\dropbox\cg09\debug\vc141.pdb
c:\users\enigm\dropbox\cg09\debug\texture.obj
c:\users\enigm\dropbox\cg09\debug\figuras.obj
c:\users\enigm\dropbox\cg09\debug\camera.obj
c:\users\enigm\dropbox\cg09\debug\proyectofinal2.obj
c:\users\enigm\dropbox\cg09\debug\cg09.exe
c:\users\enigm\dropbox\cg09\debug\cg09.pdb
c:\users\enigm\dropbox\cg09\debug\cg09.vcxprojresolveassemblyreference.cache
c:\users\enigm\dropbox\cg09\debug\main_prac10new2.obj
c:\users\enigm\dropbox\cg09\debug\main_prac8_texto_cubo.obj
c:\users\enigm\dropbox\cg09\debug\cl.command.1.tlog
c:\users\enigm\dropbox\cg09\debug\cl.read.1.tlog
c:\users\enigm\dropbox\cg09\debug\cl.write.1.tlog
c:\users\enigm\dropbox\cg09\debug\link.command.1.tlog
c:\users\enigm\dropbox\cg09\debug\link.read.1.tlog
c:\users\enigm\dropbox\cg09\debug\link.write.1.tlog
c:\users\enigm\dropbox\cg09\debug\mt.command.1.tlog
c:\users\enigm\dropbox\cg09\debug\mt.read.1.tlog
c:\users\enigm\dropbox\cg09\debug\mt.write.1.tlog
c:\users\enigm\dropbox\cg09\debug\cg09.exe.intermediate.manifest
c:\users\enigm\dropbox\cg09\debug\vc100.idb
c:\users\enigm\dropbox\cg09\debug\vc141.idb
c:\users\enigm\dropbox\cg09\debug\vc100.pdb
c:\users\enigm\dropbox\cg09\debug\cg09.tlog\cl.command.1.tlog
c:\users\enigm\dropbox\cg09\debug\cg09.tlog\cl.read.1.tlog
c:\users\enigm\dropbox\cg09\debug\cg09.tlog\cl.write.1.tlog
c:\users\enigm\dropbox\cg09\debug\cg09.tlog\link.command.1.tlog
c:\users\enigm\dropbox\cg09\debug\cg09.tlog\link.read.1.tlog
c:\users\enigm\dropbox\cg09\debug\cg09.tlog\link.write.1.tlog
