C:\USERS\MARIO\DOCUMENTS\VISUAL STUDIO 2010\PROJECTS\CG09\CG09\RELEASE\CAMERA.OBJ
C:\USERS\MARIO\DOCUMENTS\VISUAL STUDIO 2010\PROJECTS\CG09\CG09\RELEASE\CG09.EXE.INTERMEDIATE.MANIFEST
C:\Users\Mario\documents\visual studio 2010\Projects\CG09\CG09\Release\CG09.vcxprojResolveAssemblyReference.cache
C:\Users\Mario\documents\visual studio 2010\Projects\CG09\CG09\Release\CG09.write.1.tlog
C:\Users\Mario\documents\visual studio 2010\Projects\CG09\CG09\Release\cl.command.1.tlog
C:\Users\Mario\documents\visual studio 2010\Projects\CG09\CG09\Release\CL.read.1.tlog
C:\Users\Mario\documents\visual studio 2010\Projects\CG09\CG09\Release\CL.write.1.tlog
C:\USERS\MARIO\DOCUMENTS\VISUAL STUDIO 2010\PROJECTS\CG09\CG09\RELEASE\DIBUJO.OBJ
C:\USERS\MARIO\DOCUMENTS\VISUAL STUDIO 2010\PROJECTS\CG09\CG09\RELEASE\FIGURAS.OBJ
C:\USERS\MARIO\DOCUMENTS\VISUAL STUDIO 2010\PROJECTS\CG09\CG09\RELEASE\JERARQUIA.OBJ
C:\Users\Mario\documents\visual studio 2010\Projects\CG09\CG09\Release\link.command.1.tlog
C:\Users\Mario\documents\visual studio 2010\Projects\CG09\CG09\Release\link.read.1.tlog
C:\Users\Mario\documents\visual studio 2010\Projects\CG09\CG09\Release\link.write.1.tlog
C:\USERS\MARIO\DOCUMENTS\VISUAL STUDIO 2010\PROJECTS\CG09\CG09\RELEASE\MAIN_CIRC_2012.OBJ
C:\USERS\MARIO\DOCUMENTS\VISUAL STUDIO 2010\PROJECTS\CG09\CG09\RELEASE\MAIN_PRAC10NEW.OBJ
C:\USERS\MARIO\DOCUMENTS\VISUAL STUDIO 2010\PROJECTS\CG09\CG09\RELEASE\MAIN_PRAC10NEW_2012.OBJ
C:\USERS\MARIO\DOCUMENTS\VISUAL STUDIO 2010\PROJECTS\CG09\CG09\RELEASE\MAIN_PRAC10NEW_2020_1.OBJ
C:\USERS\MARIO\DOCUMENTS\VISUAL STUDIO 2010\PROJECTS\CG09\CG09\RELEASE\MAIN_PRAC10NEW2.OBJ
C:\USERS\MARIO\DOCUMENTS\VISUAL STUDIO 2010\PROJECTS\CG09\CG09\RELEASE\MAIN_PRAC11NEW.OBJ
C:\USERS\MARIO\DOCUMENTS\VISUAL STUDIO 2010\PROJECTS\CG09\CG09\RELEASE\MAIN_PRAC12.OBJ
C:\USERS\MARIO\DOCUMENTS\VISUAL STUDIO 2010\PROJECTS\CG09\CG09\RELEASE\MAIN_PRAC2.OBJ
C:\USERS\MARIO\DOCUMENTS\VISUAL STUDIO 2010\PROJECTS\CG09\CG09\RELEASE\MAIN_PRAC2PREVIO.OBJ
C:\USERS\MARIO\DOCUMENTS\VISUAL STUDIO 2010\PROJECTS\CG09\CG09\RELEASE\MAIN_PRAC2REPORTE.OBJ
C:\USERS\MARIO\DOCUMENTS\VISUAL STUDIO 2010\PROJECTS\CG09\CG09\RELEASE\MAIN_PRAC3.OBJ
C:\USERS\MARIO\DOCUMENTS\VISUAL STUDIO 2010\PROJECTS\CG09\CG09\RELEASE\MAIN_PRAC3_2.OBJ
C:\USERS\MARIO\DOCUMENTS\VISUAL STUDIO 2010\PROJECTS\CG09\CG09\RELEASE\MAIN_PRAC4.OBJ
C:\USERS\MARIO\DOCUMENTS\VISUAL STUDIO 2010\PROJECTS\CG09\CG09\RELEASE\MAIN_PRAC4_2019.OBJ
C:\USERS\MARIO\DOCUMENTS\VISUAL STUDIO 2010\PROJECTS\CG09\CG09\RELEASE\MAIN_PRAC5_2020_1.OBJ
C:\USERS\MARIO\DOCUMENTS\VISUAL STUDIO 2010\PROJECTS\CG09\CG09\RELEASE\MAIN_PRAC6_2020_1.OBJ
C:\USERS\MARIO\DOCUMENTS\VISUAL STUDIO 2010\PROJECTS\CG09\CG09\RELEASE\MAIN_PRAC8.OBJ
C:\USERS\MARIO\DOCUMENTS\VISUAL STUDIO 2010\PROJECTS\CG09\CG09\RELEASE\MAIN_PRAC8_TEXTO_CUBO.OBJ
C:\USERS\MARIO\DOCUMENTS\VISUAL STUDIO 2010\PROJECTS\CG09\CG09\RELEASE\MAIN_PRAC9.OBJ
C:\USERS\MARIO\DOCUMENTS\VISUAL STUDIO 2010\PROJECTS\CG09\CG09\RELEASE\MAIN_PRAC9_2020_1.OBJ
C:\USERS\MARIO\DOCUMENTS\VISUAL STUDIO 2010\PROJECTS\CG09\CG09\RELEASE\MAIN_PRAC9_TRANSPARECIA.OBJ
C:\USERS\MARIO\DOCUMENTS\VISUAL STUDIO 2010\PROJECTS\CG09\CG09\RELEASE\MIDIBUJO.OBJ
C:\Users\Mario\documents\visual studio 2010\Projects\CG09\CG09\Release\mt.command.1.tlog
C:\Users\Mario\documents\visual studio 2010\Projects\CG09\CG09\Release\mt.read.1.tlog
C:\Users\Mario\documents\visual studio 2010\Projects\CG09\CG09\Release\mt.write.1.tlog
C:\USERS\MARIO\DOCUMENTS\VISUAL STUDIO 2010\PROJECTS\CG09\CG09\RELEASE\PROYECTO_DIBUJO.OBJ
C:\USERS\MARIO\DOCUMENTS\VISUAL STUDIO 2010\PROJECTS\CG09\CG09\RELEASE\PROYECTOFINAL.OBJ
C:\Users\Mario\documents\visual studio 2010\Projects\CG09\CG09\Release\ProyectoFinal2.obj
C:\USERS\MARIO\DOCUMENTS\VISUAL STUDIO 2010\PROJECTS\CG09\CG09\RELEASE\TEXTURE.OBJ
C:\USERS\MARIO\DOCUMENTS\VISUAL STUDIO 2010\PROJECTS\CG09\CG09\RELEASE\VC100.PDB
C:\USERS\MARIO\DOCUMENTS\VISUAL STUDIO 2010\PROJECTS\CG09\RELEASE\CG09.EXE
C:\USERS\MARIO\DOCUMENTS\VISUAL STUDIO 2010\PROJECTS\CG09\RELEASE\CG09.PDB
